<?xml version="1.0" encoding="UTF-8"?>
<!-- Generated by org.testng.reporters.JUnitReportReporter -->
<testsuite skipped="0" hostname="ip-172-28-67-188.eu-west-1.compute.internal" name="tests.VideoGameDBTests" tests="4" failures="0" timestamp="16 May 2019 15:40:31 GMT" time="0.679" errors="0">
  <testcase name="getAllGames" time="0.619" classname="tests.VideoGameDBTests"/>
  <testcase name="createNewGameByJSON" time="0.029" classname="tests.VideoGameDBTests"/>
  <testcase name="updateGame" time="0.016" classname="tests.VideoGameDBTests"/>
  <testcase name="deleteGame" time="0.015" classname="tests.VideoGameDBTests"/>
</testsuite> <!-- tests.VideoGameDBTests -->
