<?xml version="1.0" encoding="UTF-8"?>
<!-- Generated by org.testng.reporters.JUnitReportReporter -->
<testsuite skipped="0" hostname="USERs-MacBook-Pro.local" name="tests.VideoGame" tests="4" failures="0" timestamp="16 May 2019 18:03:38 GMT" time="0.814" errors="0">
  <testcase name="getAllGames" time="0.742" classname="tests.VideoGame"/>
  <testcase name="createNewGameByJSON" time="0.036" classname="tests.VideoGame"/>
  <testcase name="updateGame" time="0.019" classname="tests.VideoGame"/>
  <testcase name="deleteGame" time="0.017" classname="tests.VideoGame"/>
</testsuite> <!-- tests.VideoGame -->
