<?xml version="1.0" encoding="UTF-8"?>
<!-- Generated by org.testng.reporters.JUnitReportReporter -->
<testsuite skipped="0" hostname="USERs-MacBook-Pro.local" name="tests.VideoGame" tests="4" failures="0" timestamp="16 May 2019 22:46:42 GMT" time="0.914" errors="0">
  <testcase name="deleteGame" time="0.809" classname="tests.VideoGame"/>
  <testcase name="getAllGames" time="0.027" classname="tests.VideoGame"/>
  <testcase name="createNewGameByJSON" time="0.052" classname="tests.VideoGame"/>
  <testcase name="updateGame" time="0.026" classname="tests.VideoGame"/>
</testsuite> <!-- tests.VideoGame -->
